<?xml version="1.0" encoding="UTF-8"?>
<!-- Generated by org.testng.reporters.JUnitReportReporter -->
<testsuite skipped="0" hostname="DESKTOP-6C8KRFA" name="test.Google1" tests="9" failures="0" timestamp="21 Nov 2018 06:20:35 GMT" time="113.395" errors="0">
  <testcase name="launch" time="28.981" classname="test.Google1"/>
  <testcase name="launch" time="29.496" classname="test.Google1"/>
  <testcase name="launch" time="27.262" classname="test.Google1"/>
  <testcase name="search" time="5.343" classname="test.Google1"/>
  <testcase name="search" time="5.195" classname="test.Google1"/>
  <testcase name="search" time="5.088" classname="test.Google1"/>
  <testcase name="close" time="4.632" classname="test.Google1"/>
  <testcase name="close" time="3.715" classname="test.Google1"/>
  <testcase name="close" time="3.683" classname="test.Google1"/>
</testsuite> <!-- test.Google1 -->
