<?xml version="1.0" encoding="UTF-8"?>
<!-- Generated by org.testng.reporters.JUnitReportReporter -->
<testsuite skipped="0" hostname="DESKTOP-6C8KRFA" name="test.Google1" tests="1" failures="0" timestamp="18 Nov 2018 05:51:43 GMT" time="0.018" errors="0">
  <testcase name="f" time="0.018" classname="test.Google1"/>
</testsuite> <!-- test.Google1 -->
