<?xml version="1.0" encoding="UTF-8"?>
<!-- Generated by org.testng.reporters.JUnitReportReporter -->
<testsuite skipped="0" hostname="DESKTOP-6C8KRFA" name="test.NewTest" tests="1" failures="0" timestamp="20 Nov 2018 06:07:55 GMT" time="0.015" errors="0">
  <testcase name="f" time="0.015" classname="test.NewTest"/>
</testsuite> <!-- test.NewTest -->
